Using pre-set license
Built from '2020.3/china_unity/release' branch; Version is '2020.3.7f1c1 (98d1c84f5ffb) revision 10015176'; Using compiler version '192528614'; Build Type 'Release'
OS: 'Windows 10 Home China; OS build 18363.1500; Version 1909; 64bit' Language: 'zh' Physical Memory: 16192 MB
BatchMode: 1, IsHumanControllingUs: 0, StartBugReporterOnCrash: 0, Is64bit: 1, IsPro: 0

 COMMAND LINE ARGUMENTS:
D:\untiy3d\2020.3.7f1c1\Editor\Unity.exe
-adb2
-batchMode
-noUpm
-name
AssetImportWorker3
-projectPath
D:/unity 3d project/Hold On Straight to the end
-logFile
Logs/AssetImportWorker3.log
-srvPort
53457
Successfully changed project path to: D:/unity 3d project/Hold On Straight to the end
D:/unity 3d project/Hold On Straight to the end
Using Asset Import Pipeline V2.
Refreshing native plugins compatible for Editor in 69.67 ms, found 0 plugins.
Preloading 0 native plugins for Editor in 0.00 ms.
Initialize engine version: 2020.3.7f1c1 (98d1c84f5ffb)
[Subsystems] Discovering subsystems at path D:/untiy3d/2020.3.7f1c1/Editor/Data/Resources/UnitySubsystems
[Subsystems] Discovering subsystems at path D:/unity 3d project/Hold On Straight to the end/Assets
GfxDevice: creating device client; threaded=0
Direct3D:
    Version:  Direct3D 11.0 [level 11.1]
    Renderer: NVIDIA GeForce GTX 1050 (ID=0x1c8d)
    Vendor:   
    VRAM:     1977 MB
    Driver:   27.21.14.5763
Shader 'Universal Render Pipeline/Particles/Lit': fallback shader 'Universal Render Pipeline/Particles/SimpleLit' not found
Initialize mono
Mono path[0] = 'D:/untiy3d/2020.3.7f1c1/Editor/Data/Managed'
Mono path[1] = 'D:/untiy3d/2020.3.7f1c1/Editor/Data/MonoBleedingEdge/lib/mono/unityjit'
Mono config path = 'D:/untiy3d/2020.3.7f1c1/Editor/Data/MonoBleedingEdge/etc'
Using monoOptions --debugger-agent=transport=dt_socket,embedding=1,server=y,suspend=n,address=127.0.0.1:56424
Begin MonoManager ReloadAssembly
Registering precompiled unity dll's ...
Register platform support module: D:/untiy3d/2020.3.7f1c1/Editor/Data/PlaybackEngines/WindowsStandaloneSupport/UnityEditor.WindowsStandalone.Extensions.dll
Registered in 0.001314 seconds.
Native extension for WindowsStandalone target not found
Refreshing native plugins compatible for Editor in 69.56 ms, found 0 plugins.
Preloading 0 native plugins for Editor in 0.00 ms.
Mono: successfully reloaded assembly
- Completed reload, in  0.936 seconds
Platform modules already initialized, skipping
Registering precompiled user dll's ...
Registered in 0.004062 seconds.
Begin MonoManager ReloadAssembly
Native extension for WindowsStandalone target not found
Refreshing native plugins compatible for Editor in 81.97 ms, found 0 plugins.
Preloading 0 native plugins for Editor in 0.00 ms.
Mono: successfully reloaded assembly
- Completed reload, in  1.130 seconds
Platform modules already initialized, skipping
========================================================================
Worker process is ready to serve import requests
Shader 'Universal Render Pipeline/Particles/Lit': fallback shader 'Universal Render Pipeline/Particles/SimpleLit' not found
Launched and connected shader compiler UnityShaderCompiler.exe after 0.10 seconds
Refreshing native plugins compatible for Editor in 0.65 ms, found 0 plugins.
Preloading 0 native plugins for Editor in 0.00 ms.
Unloading 2932 Unused Serialized files (Serialized files now loaded: 0)
System memory in use before: 139.3 MB.
System memory in use after: 139.5 MB.

Unloading 15 unused Assets to reduce memory usage. Loaded Objects now: 3386.
Total: 2.388300 ms (FindLiveObjects: 0.340700 ms CreateObjectMapping: 0.213700 ms MarkObjects: 1.761200 ms  DeleteObjects: 0.071500 ms)

========================================================================
Received Import Request.
  path: Assets/Scripts/MyScripts/SelfMotuinAttack.cs
  artifactKey: Guid(5c5f58493813a4b4cac6c6ad9e09b353) Importer(815301076,1909f56bfc062723c751e8b465ee728b)
Start importing Assets/Scripts/MyScripts/SelfMotuinAttack.cs using Guid(5c5f58493813a4b4cac6c6ad9e09b353) Importer(815301076,1909f56bfc062723c751e8b465ee728b)  -> (artifact id: '9f98c15fcc05e965d2b5dfcef65770d6') in 0.036767 seconds
  Import took 0.042411 seconds .

========================================================================
Received Import Request.
  Time since last request: 0.000312 seconds.
  path: Assets/Scripts/MyScripts/LookEnmey.cs
  artifactKey: Guid(c273028d1dc6d6544bff758632717463) Importer(815301076,1909f56bfc062723c751e8b465ee728b)
Start importing Assets/Scripts/MyScripts/LookEnmey.cs using Guid(c273028d1dc6d6544bff758632717463) Importer(815301076,1909f56bfc062723c751e8b465ee728b)  -> (artifact id: 'fbecb88500df4fa2a2b69fc77c33a9dd') in 0.004781 seconds
  Import took 0.010431 seconds .

AssetImportWorkerClient::OnTransportError - code=2 error=End of file
